<?xml version="1.0" encoding="UTF-8"?>
<!-- Generated by org.testng.reporters.JUnitReportReporter -->
<testsuite hostname="DESKTOP-EK96MV0" failures="0" tests="1" name="trytestingthis.TryTestingThisLogin" time="2.034" errors="0" timestamp="2023-11-30T13:01:16 BDT" skipped="0">
  <testcase classname="trytestingthis.TryTestingThisLogin" name="input" time="2.034"/>
</testsuite> <!-- trytestingthis.TryTestingThisLogin -->
